Vercel CLI 50.4.8
WARN! `--confirm` is deprecated, please use `--yes` instead
Retrieving project…
The vercel.json file should be inside of the provided root directory.
Deploying wedflow/wedflow
Uploading [--------------------] (0.0B/196B)
Uploading [====================] (196.0B/196B)
Inspect: https://vercel.com/wedflow/wedflow/GVYjYM23QFnfFgZndYBz28CBGZzm [2s]
Production: https://wedflow-ccg0qvpwm-wedflow.vercel.app [2s]
https://wedflow-ccg0qvpwm-wedflow.vercel.appBuilding...
Building...
Building: Running build in Washington, D.C., USA (East) – iad1
Building: Build machine configuration: 4 cores, 8 GB
Building: Retrieving list of deployment files...
Building: Previous build caches not available.
Building: Downloading 204 deployment files...
Building: Running "vercel build"
Building: Vercel CLI 50.4.8
Building: Running "install" command: `npm install`...
Building: npm warn deprecated rimraf@3.0.2: Rimraf versions prior to v4 are no longer supported
Building: npm warn deprecated inflight@1.0.6: This module is not supported, and leaks memory. Do not use it. Check out lru-cache if you want a good and tested way to coalesce async requests by a key value, which is much more comprehensive and powerful.
Building: npm warn deprecated @esbuild-kit/core-utils@3.3.2: Merged into tsx: https://tsx.is
Building: npm warn deprecated @esbuild-kit/esm-loader@2.6.5: Merged into tsx: https://tsx.is
Building: npm warn deprecated glob@7.2.3: Glob versions prior to v9 are no longer supported
Building: npm warn deprecated glob@7.2.3: Glob versions prior to v9 are no longer supported
Building: npm warn deprecated glob@7.2.3: Glob versions prior to v9 are no longer supported
Building: npm warn deprecated glob@7.2.3: Glob versions prior to v9 are no longer supported
Building: added 1056 packages, and audited 1057 packages in 18s
Building: 195 packages are looking for funding
Building: run `npm fund` for details
Building: 5 vulnerabilities (4 moderate, 1 high)
Building: To address issues that do not require attention, run:
Building: npm audit fix
Building: To address all issues (including breaking changes), run:
Building: npm audit fix --force
Building: Run `npm audit` for details.
Building: > my-app@1.0.0 export:web
Building: > expo export --platform web --output-dir dist
Building: env: load .env.production .env
Building: env: export ADMIN_SECRET DATABASE_URL EXPO_PUBLIC_ADMIN_SECRET EXPO_PUBLIC_DOMAIN EXPO_PUBLIC_API_URL EXPO_PUBLIC_WEBSOCKET_URL EXPO_PUBLIC_SUPABASE_URL EXPO_PUBLIC_SUPABASE_ANON_KEY
Building: React Compiler enabled
Building: Starting Metro Bundler
Building: Web client/index.js ▓▓▓▓▓▓▓▓░░░░░░░░ 51.8% ( 64/111)
Building: Web client/index.js ▓▓▓▓▓▓▓▓░░░░░░░░ 51.8% (191/393)
Building: Web client/index.js ▓▓▓▓▓▓▓▓░░░░░░░░ 51.8% (197/398)
Building: Web client/index.js ▓▓▓▓▓▓▓▓░░░░░░░░ 51.8% (212/404)
Building: Web client/index.js ▓▓▓▓▓▓▓▓░░░░░░░░ 51.8% (348/552)
Building: Web client/index.js ▓▓▓▓▓▓▓▓░░░░░░░░ 51.8% (533/799)
Building: Web client/index.js ▓▓▓▓▓▓▓▓░░░░░░░░ 51.8% (608/879)
Building: Web client/index.js ▓▓▓▓▓▓▓▓░░░░░░░░ 51.8% (625/883)
Building: Web client/index.js ▓▓▓▓▓▓▓▓▓░░░░░░░ 60.6% ( 798/1027)
Building: Web client/index.js ▓▓▓▓▓▓▓▓▓▓▓░░░░░ 69.8% ( 980/1173)
Building: Web client/index.js ▓▓▓▓▓▓▓▓▓▓▓▓▓░░░ 83.5% (1168/1278)
Building: Web client/index.js ▓▓▓▓▓▓▓▓▓▓▓▓▓▓▓░ 96.5% (1441/1467)
Building: Web Bundled 42078ms client/index.js (1538 modules)
Building: › Assets (33):
Building: assets/images/empty-schedule.26b4eb785734baa75d3ef62f39174e79.png (791 kB)
Building: assets/images/ONE NOTE.2dbe7a1e359027d0097dfe06bf77ed21.wav (2.71 MB)
Building: assets/images/wedflow-logo.0baaa016af6a06293d16accf07933a22.png (148 kB)
Building: node_modules/@expo/vector-icons/build/vendor/react-native-vector-icons/Fonts/AntDesign.3f78af31cca60105799838a1a7a59fbd.ttf (130 kB)
Building: node_modules/@expo/vector-icons/build/vendor/react-native-vector-icons/Fonts/Entypo.31b5ffea3daddc69dd01a1f3d6cf63c5.ttf (66.2 kB)
Building: node_modules/@expo/vector-icons/build/vendor/react-native-vector-icons/Fonts/EvilIcons.140c53a7643ea949007aa9a282153849.ttf (13.5 kB)
Building: node_modules/@expo/vector-icons/build/vendor/react-native-vector-icons/Fonts/Feather.ca4b48e04dc1ce10bfbddb262c8b835f.ttf (55.6 kB)
Building: node_modules/@expo/vector-icons/build/vendor/react-native-vector-icons/Fonts/FontAwesome.b06871f281fee6b241d60582ae9369b9.ttf (166 kB)
Building: node_modules/@expo/vector-icons/build/vendor/react-native-vector-icons/Fonts/FontAwesome5_Brands.3b89dd103490708d19a95adcae52210e.ttf (134 kB)
Building: node_modules/@expo/vector-icons/build/vendor/react-native-vector-icons/Fonts/FontAwesome5_Regular.1f77739ca9ff2188b539c36f30ffa2be.ttf (33.7 kB)
Building: node_modules/@expo/vector-icons/build/vendor/react-native-vector-icons/Fonts/FontAwesome5_Solid.605ed7926cf39a2ad5ec2d1f9d391d3d.ttf (203 kB)
Building: node_modules/@expo/vector-icons/build/vendor/react-native-vector-icons/Fonts/FontAwesome6_Brands.56c8d80832e37783f12c05db7c8849e2.ttf (209 kB)
Building: node_modules/@expo/vector-icons/build/vendor/react-native-vector-icons/Fonts/FontAwesome6_Regular.370dd5af19f8364907b6e2c41f45dbbf.ttf (68 kB)
Building: node_modules/@expo/vector-icons/build/vendor/react-native-vector-icons/Fonts/FontAwesome6_Solid.adec7d6f310bc577f05e8fe06a5daccf.ttf (424 kB)
Building: node_modules/@expo/vector-icons/build/vendor/react-native-vector-icons/Fonts/Fontisto.b49ae8ab2dbccb02c4d11caaacf09eab.ttf (314 kB)
Building: node_modules/@expo/vector-icons/build/vendor/react-native-vector-icons/Fonts/Foundation.e20945d7c929279ef7a6f1db184a4470.ttf (57 kB)
Building: node_modules/@expo/vector-icons/build/vendor/react-native-vector-icons/Fonts/Ionicons.b4eb097d35f44ed943676fd56f6bdc51.ttf (390 kB)
Building: node_modules/@expo/vector-icons/build/vendor/react-native-vector-icons/Fonts/MaterialCommunityIcons.6e435534bd35da5fef04168860a9b8fa.ttf (1.31 MB)
Building: node_modules/@expo/vector-icons/build/vendor/react-native-vector-icons/Fonts/MaterialIcons.4e85bc9ebe07e0340c9c4fc2f6c38908.ttf (357 kB)
Building: node_modules/@expo/vector-icons/build/vendor/react-native-vector-icons/Fonts/Octicons.871378c6eab492a3e689a9385dc45a12.ttf (69.4 kB)
Building: node_modules/@expo/vector-icons/build/vendor/react-native-vector-icons/Fonts/SimpleLineIcons.d2285965fe34b05465047401b8595dd0.ttf (54.1 kB)
Building: node_modules/@expo/vector-icons/build/vendor/react-native-vector-icons/Fonts/Zocial.1681f34aaca71b8dfb70756bca331eb2.ttf (25.8 kB)
Building: node_modules/@react-navigation/elements/lib/module/assets/back-icon-mask.0a328cd9c1afd0afe8e3b1ec5165b1b4.png (653 B)
Building: node_modules/@react-navigation/elements/lib/module/assets/back-icon.35ba0eaec5a4f5ed12ca16fabeae451d.png (207 B)
Building: node_modules/@react-navigation/elements/lib/module/assets/clear-icon.c94f6478e7ae0cdd9f15de1fcb9e5e55.png (4 variations | 425 B)
Building: node_modules/@react-navigation/elements/lib/module/assets/close-icon.808e1b1b9b53114ec2838071a7e6daa7.png (4 variations | 235 B)
Building: node_modules/@react-navigation/elements/lib/module/assets/search-icon.286d67d3f74808a60a78d3ebf1a5fb57.png (928 B)
Building: › web bundles (1):
Building: _expo/static/js/web/index-0e1cc3443f1666a93b16216dc35b7b4f.js (3.94 MB)
Building: › Files (3):
Building: favicon.ico (14.5 kB)
Building: index.html (1.21 kB)
Building: metadata.json (49 B)
Building: Exported: dist
Building: Error: No Output Directory named "dist" found after the Build completed. Configure the Output Directory in your Project Settings. Alternatively, configure vercel.json#outputDirectory.
Building: Learn More: https://vercel.link/missing-public-directory
Error: No Output Directory named "dist" found after the Build completed. Configure the Output Directory in your Project Settings. Alternatively, configure vercel.json#outputDirectory.
